<?xml version="1.0" encoding="UTF-8"?>
<testsuite name="org.feed.community_feed.user.application.UserRelationServiceTest" tests="6" skipped="0" failures="0" errors="0" timestamp="2024-12-11T16:35:20" hostname="songjiyeong-ui-MacBookPro.local" time="0.083">
  <properties/>
  <testcase name="givenCreateOneUser_whenUnfollow_thenUserThrowError()" classname="org.feed.community_feed.user.application.UserRelationServiceTest" time="0.02"/>
  <testcase name="givenCreateTwoUser_whenUnfollow_thenUserThrowError()" classname="org.feed.community_feed.user.application.UserRelationServiceTest" time="0.004"/>
  <testcase name="givenCreateTwoUserFollowed_whenFollow_thenUserThrowError()" classname="org.feed.community_feed.user.application.UserRelationServiceTest" time="0.039"/>
  <testcase name="givenCreateTwoUser_whenFollow_thenUserFollowSaved()" classname="org.feed.community_feed.user.application.UserRelationServiceTest" time="0.002"/>
  <testcase name="givenCreateTwoUserFollow_whenUnFollow_thenUserUnFollowSaved()" classname="org.feed.community_feed.user.application.UserRelationServiceTest" time="0.004"/>
  <testcase name="givenCreateOneUser_whenFollow_thenUserThrowError()" classname="org.feed.community_feed.user.application.UserRelationServiceTest" time="0.005"/>
  <system-out><![CDATA[]]></system-out>
  <system-err><![CDATA[]]></system-err>
</testsuite>
